20231110 14:32:53 Scouter Server Version 2.20.0 2023-05-29 05:14 GMT
20231110 14:32:53 [PID]5760
  ____                  _            
 / ___|  ___ ___  _   _| |_ ___ _ __ 
 \___ \ / __/   \| | | | __/ _ \ '__|
  ___) | (_| (+) | |_| | ||  __/ |   
 |____/ \___\___/ \__,_|\__\___|_|                                      
 Open Source S/W Performance Monitoring  
 Scouter version 2.20.0
 
20231110 14:32:53 Load Account Group File
20231110 14:32:53 Load Account File
20231110 14:32:54 udp listen 0.0.0.0:6100
20231110 14:32:54 	udp_host=0.0.0.0
20231110 14:32:54 	udp_port=6100
20231110 14:32:54 	udp_buffer=65535
20231110 14:32:54 	udp_so_rcvbuf=4194304
20231110 14:32:54 Load Account Group File
20231110 14:32:54 Load Account File
20231110 14:32:54 	tcp_port=6100
20231110 14:32:54 	cp_agent_so_timeout=60000
20231110 14:32:54 	cp_client_so_timeout=8000
20231110 14:32:59 [A1601] error on toClass with javassist. try to fallback for java8 below. err:Class not in same package as lookup class: scouter.server.plugin.impl.Neighbor has no permission to define the class
20231110 14:32:59 [S215] Alert rule detected : ErrorRate.alert
20231110 14:32:59 PLUG-IN : scouter.server.plugin.IAlert loaded #x16jddaa
20231110 14:32:59 PLUG-IN : scouter.server.plugin.ICounter loaded #xtd8l1c
20231110 14:32:59 PLUG-IN : scouter.server.plugin.IObject loaded #xt40fve
20231110 14:32:59 PLUG-IN : scouter.server.plugin.IXLog loaded #xl9khde
20231110 14:32:59 PLUG-IN : scouter.server.plugin.IXLog loaded #x1md2aga
20231110 14:32:59 PLUG-IN : scouter.server.plugin.IXLogProfile loaded #xidgjgi
20231110 14:32:59 PLUG-IN : scouter.server.plugin.ISummary loaded #x1r95ud2
